<?xml version="1.0" encoding="UTF-8"?>
<!-- Generated by org.testng.reporters.JUnitReportReporter -->
<testsuite hostname="DESKTOP-8POL451" failures="0" tests="1" name="com.intcont.testng.TestNGDefaultReport" time="12.522" errors="0" timestamp="2021-12-27T09:20:58 CST" skipped="0">
  <testcase classname="com.intcont.testng.TestNGDefaultReport" name="Busqueda_De_Cars" time="12.522"/>
  <system-out>
    <![CDATA[<br><H1>Se busca cars</H1>
<img src="file://C:\Reporteador\ScreenShots\20211227_092046.png" alt=""/>
<br><H1>Resultado de la busqueda</H1>
<img src="file://C:\Reporteador\ScreenShots\20211227_092057.png" alt=""/>
<br><H1>Agregar producto a Carrito</H1>]]>
  </system-out>
</testsuite> <!-- com.intcont.testng.TestNGDefaultReport -->
