<?xml version="1.0" encoding="UTF-8"?>
<!-- Generated by org.testng.reporters.JUnitReportReporter -->
<testsuite hostname="DESKTOP-RHASP1A" failures="0" tests="1" name="com.intcont.testng.TestNGDefaultReport2" time="19.252" errors="0" timestamp="2023-01-10T01:51:43 CST" skipped="0">
  <testcase classname="com.intcont.testng.TestNGDefaultReport2" name="Busqueda_De_Cars" time="19.252"/>
  <system-out>
    <![CDATA[<br><H1>Se busca cars</H1>
<img src="file://C:\Reporteador\ScreenShots\20230110_015126.png" alt=""/>
<br><H1>Resultado de la busqueda</H1>
<img src="file://C:\Reporteador\ScreenShots\20230110_015142.png" alt=""/>
<br><H1>Agregar producto a Carrito</H1>]]>
  </system-out>
</testsuite> <!-- com.intcont.testng.TestNGDefaultReport2 -->
